<?xml version="1.0" encoding="UTF-8"?>
<coverage generated="1525794545219" clover="3.2.0">
  <project timestamp="1525794545219" name="All files">
    <metrics statements="12" coveredstatements="12" conditionals="8" coveredconditionals="7" methods="7" coveredmethods="6" elements="27" coveredelements="25" complexity="0" loc="12" ncloc="12" packages="5" files="9" classes="9">
      <package name="app.footer">
        <metrics statements="4" coveredstatements="4" conditionals="0" coveredconditionals="0" methods="2" coveredmethods="1"/>
        <file name="footer.css" path="D:\ReactJS\Tasks\Git\ReactJS\src\app\footer\footer.css">
          <metrics statements="0" coveredstatements="0" conditionals="0" coveredconditionals="0" methods="0" coveredmethods="0"/>
        </file>
        <file name="footer.jsx" path="D:\ReactJS\Tasks\Git\ReactJS\src\app\footer\footer.jsx">
          <metrics statements="2" coveredstatements="2" conditionals="0" coveredconditionals="0" methods="1" coveredmethods="1"/>
          <line num="1" count="1" type="stmt"/>
          <line num="5" count="1" type="stmt"/>
        </file>
        <file name="legalFooter.jsx" path="D:\ReactJS\Tasks\Git\ReactJS\src\app\footer\legalFooter.jsx">
          <metrics statements="2" coveredstatements="2" conditionals="0" coveredconditionals="0" methods="1" coveredmethods="0"/>
          <line num="1" count="1" type="stmt"/>
          <line num="4" count="1" type="stmt"/>
        </file>
      </package>
      <package name="app.header">
        <metrics statements="3" coveredstatements="3" conditionals="4" coveredconditionals="4" methods="2" coveredmethods="2"/>
        <file name="header.jsx" path="D:\ReactJS\Tasks\Git\ReactJS\src\app\header\header.jsx">
          <metrics statements="3" coveredstatements="3" conditionals="4" coveredconditionals="4" methods="2" coveredmethods="2"/>
          <line num="1" count="1" type="stmt"/>
          <line num="3" count="3" type="cond" truecount="4" falsecount="0"/>
          <line num="5" count="1" type="stmt"/>
        </file>
      </package>
      <package name="app.header.logo">
        <metrics statements="2" coveredstatements="2" conditionals="0" coveredconditionals="0" methods="1" coveredmethods="1"/>
        <file name="logo.css" path="D:\ReactJS\Tasks\Git\ReactJS\src\app\header\logo\logo.css">
          <metrics statements="0" coveredstatements="0" conditionals="0" coveredconditionals="0" methods="0" coveredmethods="0"/>
        </file>
        <file name="logo.jsx" path="D:\ReactJS\Tasks\Git\ReactJS\src\app\header\logo\logo.jsx">
          <metrics statements="2" coveredstatements="2" conditionals="0" coveredconditionals="0" methods="1" coveredmethods="1"/>
          <line num="1" count="2" type="stmt"/>
          <line num="5" count="2" type="stmt"/>
        </file>
      </package>
      <package name="app.header.searchField">
        <metrics statements="2" coveredstatements="2" conditionals="0" coveredconditionals="0" methods="1" coveredmethods="1"/>
        <file name="search.css" path="D:\ReactJS\Tasks\Git\ReactJS\src\app\header\searchField\search.css">
          <metrics statements="0" coveredstatements="0" conditionals="0" coveredconditionals="0" methods="0" coveredmethods="0"/>
        </file>
        <file name="search.jsx" path="D:\ReactJS\Tasks\Git\ReactJS\src\app\header\searchField\search.jsx">
          <metrics statements="2" coveredstatements="2" conditionals="0" coveredconditionals="0" methods="1" coveredmethods="1"/>
          <line num="1" count="1" type="stmt"/>
          <line num="5" count="1" type="stmt"/>
        </file>
      </package>
      <package name="test">
        <metrics statements="1" coveredstatements="1" conditionals="4" coveredconditionals="3" methods="1" coveredmethods="1"/>
        <file name="setupTests.js" path="D:\ReactJS\Tasks\Git\ReactJS\src\test\setupTests.js">
          <metrics statements="1" coveredstatements="1" conditionals="4" coveredconditionals="3" methods="1" coveredmethods="1"/>
          <line num="2" count="3" type="cond" truecount="3" falsecount="1"/>
        </file>
      </package>
    </metrics>
  </project>
</coverage>
