<?xml version="1.0" encoding="UTF-8"?>
<coverage generated="1525806084551" clover="3.2.0">
  <project timestamp="1525806084551" name="All files">
    <metrics statements="25" coveredstatements="20" conditionals="43" coveredconditionals="21" methods="20" coveredmethods="14" elements="88" coveredelements="55" complexity="0" loc="25" ncloc="25" packages="8" files="14" classes="14">
      <package name="app">
        <metrics statements="2" coveredstatements="2" conditionals="0" coveredconditionals="0" methods="1" coveredmethods="1"/>
        <file name="App.css" path="D:\ReactJS\Tasks\Git\ReactJS\src\app\App.css">
          <metrics statements="0" coveredstatements="0" conditionals="0" coveredconditionals="0" methods="0" coveredmethods="0"/>
        </file>
        <file name="App.jsx" path="D:\ReactJS\Tasks\Git\ReactJS\src\app\App.jsx">
          <metrics statements="2" coveredstatements="2" conditionals="0" coveredconditionals="0" methods="1" coveredmethods="1"/>
          <line num="1" count="1" type="stmt"/>
          <line num="8" count="1" type="stmt"/>
        </file>
      </package>
      <package name="app.body">
        <metrics statements="2" coveredstatements="2" conditionals="0" coveredconditionals="0" methods="1" coveredmethods="1"/>
        <file name="body.css" path="D:\ReactJS\Tasks\Git\ReactJS\src\app\body\body.css">
          <metrics statements="0" coveredstatements="0" conditionals="0" coveredconditionals="0" methods="0" coveredmethods="0"/>
        </file>
        <file name="body.jsx" path="D:\ReactJS\Tasks\Git\ReactJS\src\app\body\body.jsx">
          <metrics statements="2" coveredstatements="2" conditionals="0" coveredconditionals="0" methods="1" coveredmethods="1"/>
          <line num="1" count="2" type="stmt"/>
          <line num="9" count="2" type="stmt"/>
        </file>
      </package>
      <package name="app.footer">
        <metrics statements="4" coveredstatements="4" conditionals="0" coveredconditionals="0" methods="2" coveredmethods="1"/>
        <file name="footer.css" path="D:\ReactJS\Tasks\Git\ReactJS\src\app\footer\footer.css">
          <metrics statements="0" coveredstatements="0" conditionals="0" coveredconditionals="0" methods="0" coveredmethods="0"/>
        </file>
        <file name="footer.jsx" path="D:\ReactJS\Tasks\Git\ReactJS\src\app\footer\footer.jsx">
          <metrics statements="2" coveredstatements="2" conditionals="0" coveredconditionals="0" methods="1" coveredmethods="1"/>
          <line num="1" count="2" type="stmt"/>
          <line num="5" count="2" type="stmt"/>
        </file>
        <file name="legalFooter.jsx" path="D:\ReactJS\Tasks\Git\ReactJS\src\app\footer\legalFooter.jsx">
          <metrics statements="2" coveredstatements="2" conditionals="0" coveredconditionals="0" methods="1" coveredmethods="0"/>
          <line num="1" count="2" type="stmt"/>
          <line num="4" count="2" type="stmt"/>
        </file>
      </package>
      <package name="app.header">
        <metrics statements="3" coveredstatements="3" conditionals="4" coveredconditionals="4" methods="2" coveredmethods="2"/>
        <file name="header.jsx" path="D:\ReactJS\Tasks\Git\ReactJS\src\app\header\header.jsx">
          <metrics statements="3" coveredstatements="3" conditionals="4" coveredconditionals="4" methods="2" coveredmethods="2"/>
          <line num="1" count="2" type="stmt"/>
          <line num="3" count="6" type="cond" truecount="4" falsecount="0"/>
          <line num="5" count="2" type="stmt"/>
        </file>
      </package>
      <package name="app.header.logo">
        <metrics statements="2" coveredstatements="2" conditionals="0" coveredconditionals="0" methods="1" coveredmethods="1"/>
        <file name="logo.css" path="D:\ReactJS\Tasks\Git\ReactJS\src\app\header\logo\logo.css">
          <metrics statements="0" coveredstatements="0" conditionals="0" coveredconditionals="0" methods="0" coveredmethods="0"/>
        </file>
        <file name="logo.jsx" path="D:\ReactJS\Tasks\Git\ReactJS\src\app\header\logo\logo.jsx">
          <metrics statements="2" coveredstatements="2" conditionals="0" coveredconditionals="0" methods="1" coveredmethods="1"/>
          <line num="1" count="3" type="stmt"/>
          <line num="5" count="3" type="stmt"/>
        </file>
      </package>
      <package name="app.header.searchField">
        <metrics statements="2" coveredstatements="2" conditionals="0" coveredconditionals="0" methods="1" coveredmethods="1"/>
        <file name="search.css" path="D:\ReactJS\Tasks\Git\ReactJS\src\app\header\searchField\search.css">
          <metrics statements="0" coveredstatements="0" conditionals="0" coveredconditionals="0" methods="0" coveredmethods="0"/>
        </file>
        <file name="search.jsx" path="D:\ReactJS\Tasks\Git\ReactJS\src\app\header\searchField\search.jsx">
          <metrics statements="2" coveredstatements="2" conditionals="0" coveredconditionals="0" methods="1" coveredmethods="1"/>
          <line num="1" count="3" type="stmt"/>
          <line num="5" count="3" type="stmt"/>
        </file>
      </package>
      <package name="enzyme">
        <metrics statements="1" coveredstatements="1" conditionals="4" coveredconditionals="3" methods="1" coveredmethods="1"/>
        <file name="setupTests.js" path="D:\ReactJS\Tasks\Git\ReactJS\src\enzyme\setupTests.js">
          <metrics statements="1" coveredstatements="1" conditionals="4" coveredconditionals="3" methods="1" coveredmethods="1"/>
          <line num="2" count="6" type="cond" truecount="3" falsecount="1"/>
        </file>
      </package>
      <package name="errorBoundary">
        <metrics statements="9" coveredstatements="4" conditionals="35" coveredconditionals="14" methods="11" coveredmethods="6"/>
        <file name="errorBoundary.jsx" path="D:\ReactJS\Tasks\Git\ReactJS\src\errorBoundary\errorBoundary.jsx">
          <metrics statements="9" coveredstatements="4" conditionals="35" coveredconditionals="14" methods="11" coveredmethods="6"/>
          <line num="1" count="2" type="cond" truecount="14" falsecount="17"/>
          <line num="3" count="1" type="stmt"/>
          <line num="4" count="0" type="cond" truecount="0" falsecount="2"/>
          <line num="9" count="1" type="stmt"/>
          <line num="13" count="0" type="stmt"/>
          <line num="17" count="0" type="cond" truecount="0" falsecount="2"/>
          <line num="18" count="0" type="stmt"/>
          <line num="21" count="0" type="stmt"/>
          <line num="22" count="1" type="stmt"/>
        </file>
      </package>
    </metrics>
  </project>
</coverage>
