{"D:\\ReactJS\\Tasks\\Git\\ReactJS\\src\\app\\App.css": {"path":"D:\\ReactJS\\Tasks\\Git\\ReactJS\\src\\app\\App.css","statementMap":{},"fnMap":{},"branchMap":{},"s":{},"f":{},"b":{},"_coverageSchema":"332fd63041d2c1bcb487cc26dd0d5f7d97098a6c","hash":"79a162dcef61c39fb7eef3f8c9ddc76b04dfcda1"}
,"D:\\ReactJS\\Tasks\\Git\\ReactJS\\src\\app\\App.jsx": {"path":"D:\\ReactJS\\Tasks\\Git\\ReactJS\\src\\app\\App.jsx","statementMap":{"0":{"start":{"line":1,"column":39},"end":{"line":1,"column":101}},"1":{"start":{"line":8,"column":10},"end":{"line":17,"column":145}}},"fnMap":{"0":{"name":"App","decl":{"start":{"line":8,"column":19},"end":{"line":8,"column":22}},"loc":{"start":{"line":8,"column":51},"end":{"line":17,"column":145}},"line":8}},"branchMap":{},"s":{"0":1,"1":1},"f":{"0":1},"b":{},"_coverageSchema":"332fd63041d2c1bcb487cc26dd0d5f7d97098a6c","hash":"52a60b6b93eaf4d241aeb6b2e9f3d4c8a79a0018"}
,"D:\\ReactJS\\Tasks\\Git\\ReactJS\\src\\app\\body\\body.css": {"path":"D:\\ReactJS\\Tasks\\Git\\ReactJS\\src\\app\\body\\body.css","statementMap":{},"fnMap":{},"branchMap":{},"s":{},"f":{},"b":{},"_coverageSchema":"332fd63041d2c1bcb487cc26dd0d5f7d97098a6c","hash":"4791d811b728b4dfe3b38b816e18c529c2a5900e"}
,"D:\\ReactJS\\Tasks\\Git\\ReactJS\\src\\app\\body\\body.jsx": {"path":"D:\\ReactJS\\Tasks\\Git\\ReactJS\\src\\app\\body\\body.jsx","statementMap":{"0":{"start":{"line":1,"column":39},"end":{"line":1,"column":101}},"1":{"start":{"line":9,"column":11},"end":{"line":11,"column":148}}},"fnMap":{"0":{"name":"Body","decl":{"start":{"line":9,"column":20},"end":{"line":9,"column":24}},"loc":{"start":{"line":9,"column":53},"end":{"line":11,"column":148}},"line":9}},"branchMap":{},"s":{"0":2,"1":2},"f":{"0":2},"b":{},"_coverageSchema":"332fd63041d2c1bcb487cc26dd0d5f7d97098a6c","hash":"04f86fe7233e745329f2ebbc94cd333d84e1cbd2"}
,"D:\\ReactJS\\Tasks\\Git\\ReactJS\\src\\app\\footer\\footer.css": {"path":"D:\\ReactJS\\Tasks\\Git\\ReactJS\\src\\app\\footer\\footer.css","statementMap":{},"fnMap":{},"branchMap":{},"s":{},"f":{},"b":{},"_coverageSchema":"332fd63041d2c1bcb487cc26dd0d5f7d97098a6c","hash":"b12fafee07650f9ec62e62e554d3a65f72a69e28"}
,"D:\\ReactJS\\Tasks\\Git\\ReactJS\\src\\app\\footer\\footer.jsx": {"path":"D:\\ReactJS\\Tasks\\Git\\ReactJS\\src\\app\\footer\\footer.jsx","statementMap":{"0":{"start":{"line":1,"column":39},"end":{"line":1,"column":101}},"1":{"start":{"line":5,"column":13},"end":{"line":17,"column":147}}},"fnMap":{"0":{"name":"Footer","decl":{"start":{"line":5,"column":22},"end":{"line":5,"column":28}},"loc":{"start":{"line":5,"column":57},"end":{"line":17,"column":147}},"line":5}},"branchMap":{},"s":{"0":2,"1":2},"f":{"0":2},"b":{},"_coverageSchema":"332fd63041d2c1bcb487cc26dd0d5f7d97098a6c","hash":"4872a0c430b2abc35c3b5fb382c3d610357132b0"}
,"D:\\ReactJS\\Tasks\\Git\\ReactJS\\src\\app\\footer\\legalFooter.jsx": {"path":"D:\\ReactJS\\Tasks\\Git\\ReactJS\\src\\app\\footer\\legalFooter.jsx","statementMap":{"0":{"start":{"line":1,"column":39},"end":{"line":1,"column":101}},"1":{"start":{"line":4,"column":18},"end":{"line":6,"column":312}}},"fnMap":{"0":{"name":"LegalFooter","decl":{"start":{"line":4,"column":27},"end":{"line":4,"column":38}},"loc":{"start":{"line":4,"column":67},"end":{"line":6,"column":312}},"line":4}},"branchMap":{},"s":{"0":2,"1":2},"f":{"0":0},"b":{},"_coverageSchema":"332fd63041d2c1bcb487cc26dd0d5f7d97098a6c","hash":"79c7ef996f0c3ae9a72b985c321a531b0a83d6ad"}
,"D:\\ReactJS\\Tasks\\Git\\ReactJS\\src\\app\\header\\header.jsx": {"path":"D:\\ReactJS\\Tasks\\Git\\ReactJS\\src\\app\\header\\header.jsx","statementMap":{"0":{"start":{"line":1,"column":39},"end":{"line":1,"column":101}},"1":{"start":{"line":3,"column":184},"end":{"line":3,"column":238}},"2":{"start":{"line":5,"column":13},"end":{"line":8,"column":142}}},"fnMap":{"0":{"name":"_interopRequireDefault","decl":{"start":{"line":3,"column":155},"end":{"line":3,"column":177}},"loc":{"start":{"line":3,"column":183},"end":{"line":3,"column":239}},"line":3},"1":{"name":"Header","decl":{"start":{"line":5,"column":22},"end":{"line":5,"column":28}},"loc":{"start":{"line":5,"column":57},"end":{"line":8,"column":142}},"line":5}},"branchMap":{"0":{"loc":{"start":{"line":3,"column":191},"end":{"line":3,"column":237}},"type":"cond-expr","locations":[{"start":{"line":3,"column":215},"end":{"line":3,"column":218}},{"start":{"line":3,"column":221},"end":{"line":3,"column":237}}],"line":3},"1":{"loc":{"start":{"line":3,"column":191},"end":{"line":3,"column":212}},"type":"binary-expr","locations":[{"start":{"line":3,"column":191},"end":{"line":3,"column":194}},{"start":{"line":3,"column":198},"end":{"line":3,"column":212}}],"line":3}},"s":{"0":2,"1":6,"2":2},"f":{"0":6,"1":2},"b":{"0":[4,2],"1":[6,6]},"_coverageSchema":"332fd63041d2c1bcb487cc26dd0d5f7d97098a6c","hash":"9484b16db58ed3cfc90877ba5425e29ce71ed455"}
,"D:\\ReactJS\\Tasks\\Git\\ReactJS\\src\\app\\header\\logo\\logo.css": {"path":"D:\\ReactJS\\Tasks\\Git\\ReactJS\\src\\app\\header\\logo\\logo.css","statementMap":{},"fnMap":{},"branchMap":{},"s":{},"f":{},"b":{},"_coverageSchema":"332fd63041d2c1bcb487cc26dd0d5f7d97098a6c","hash":"782fb03640bfc71ceb72b59e1ad59871420697f0"}
,"D:\\ReactJS\\Tasks\\Git\\ReactJS\\src\\app\\header\\logo\\logo.jsx": {"path":"D:\\ReactJS\\Tasks\\Git\\ReactJS\\src\\app\\header\\logo\\logo.jsx","statementMap":{"0":{"start":{"line":1,"column":39},"end":{"line":1,"column":101}},"1":{"start":{"line":5,"column":11},"end":{"line":6,"column":128}}},"fnMap":{"0":{"name":"Logo","decl":{"start":{"line":5,"column":20},"end":{"line":5,"column":24}},"loc":{"start":{"line":5,"column":53},"end":{"line":6,"column":128}},"line":5}},"branchMap":{},"s":{"0":3,"1":3},"f":{"0":2},"b":{},"_coverageSchema":"332fd63041d2c1bcb487cc26dd0d5f7d97098a6c","hash":"fcb61f3e298ddcf4245eee97138055b51dd4fbe2"}
,"D:\\ReactJS\\Tasks\\Git\\ReactJS\\src\\app\\header\\searchField\\search.css": {"path":"D:\\ReactJS\\Tasks\\Git\\ReactJS\\src\\app\\header\\searchField\\search.css","statementMap":{},"fnMap":{},"branchMap":{},"s":{},"f":{},"b":{},"_coverageSchema":"332fd63041d2c1bcb487cc26dd0d5f7d97098a6c","hash":"981c70b71aebbf19c4fe6eb204d18377bb5ade00"}
,"D:\\ReactJS\\Tasks\\Git\\ReactJS\\src\\app\\header\\searchField\\search.jsx": {"path":"D:\\ReactJS\\Tasks\\Git\\ReactJS\\src\\app\\header\\searchField\\search.jsx","statementMap":{"0":{"start":{"line":1,"column":39},"end":{"line":1,"column":101}},"1":{"start":{"line":5,"column":13},"end":{"line":19,"column":214}}},"fnMap":{"0":{"name":"Search","decl":{"start":{"line":5,"column":22},"end":{"line":5,"column":28}},"loc":{"start":{"line":5,"column":57},"end":{"line":19,"column":214}},"line":5}},"branchMap":{},"s":{"0":3,"1":3},"f":{"0":3},"b":{},"_coverageSchema":"332fd63041d2c1bcb487cc26dd0d5f7d97098a6c","hash":"37fd2f1073b68cd976d88495cc3976bc9bb0834c"}
,"D:\\ReactJS\\Tasks\\Git\\ReactJS\\src\\enzyme\\setupTests.js": {"path":"D:\\ReactJS\\Tasks\\Git\\ReactJS\\src\\enzyme\\setupTests.js","statementMap":{"0":{"start":{"line":2,"column":223},"end":{"line":2,"column":277}}},"fnMap":{"0":{"name":"_interopRequireDefault","decl":{"start":{"line":2,"column":194},"end":{"line":2,"column":216}},"loc":{"start":{"line":2,"column":222},"end":{"line":2,"column":278}},"line":2}},"branchMap":{"0":{"loc":{"start":{"line":2,"column":230},"end":{"line":2,"column":276}},"type":"cond-expr","locations":[{"start":{"line":2,"column":254},"end":{"line":2,"column":257}},{"start":{"line":2,"column":260},"end":{"line":2,"column":276}}],"line":2},"1":{"loc":{"start":{"line":2,"column":230},"end":{"line":2,"column":251}},"type":"binary-expr","locations":[{"start":{"line":2,"column":230},"end":{"line":2,"column":233}},{"start":{"line":2,"column":237},"end":{"line":2,"column":251}}],"line":2}},"s":{"0":6},"f":{"0":6},"b":{"0":[0,6],"1":[6,6]},"_coverageSchema":"332fd63041d2c1bcb487cc26dd0d5f7d97098a6c","hash":"3a6f605327b192cab7c413b8fc19c21808afa177"}
,"D:\\ReactJS\\Tasks\\Git\\ReactJS\\src\\errorBoundary\\errorBoundary.jsx": {"path":"D:\\ReactJS\\Tasks\\Git\\ReactJS\\src\\errorBoundary\\errorBoundary.jsx","statementMap":{"0":{"start":{"line":1,"column":39},"end":{"line":1,"column":101}},"1":{"start":{"line":1,"column":120},"end":{"line":1,"column":649}},"2":{"start":{"line":1,"column":175},"end":{"line":1,"column":440}},"3":{"start":{"line":1,"column":232},"end":{"line":1,"column":240}},"4":{"start":{"line":1,"column":241},"end":{"line":1,"column":296}},"5":{"start":{"line":1,"column":296},"end":{"line":1,"column":327}},"6":{"start":{"line":1,"column":327},"end":{"line":1,"column":381}},"7":{"start":{"line":1,"column":354},"end":{"line":1,"column":381}},"8":{"start":{"line":1,"column":381},"end":{"line":1,"column":439}},"9":{"start":{"line":1,"column":441},"end":{"line":1,"column":646}},"10":{"start":{"line":1,"column":497},"end":{"line":1,"column":565}},"11":{"start":{"line":1,"column":513},"end":{"line":1,"column":565}},"12":{"start":{"line":1,"column":565},"end":{"line":1,"column":625}},"13":{"start":{"line":1,"column":582},"end":{"line":1,"column":625}},"14":{"start":{"line":1,"column":625},"end":{"line":1,"column":644}},"15":{"start":{"line":1,"column":816},"end":{"line":1,"column":870}},"16":{"start":{"line":1,"column":920},"end":{"line":1,"column":1019}},"17":{"start":{"line":1,"column":961},"end":{"line":1,"column":1018}},"18":{"start":{"line":1,"column":1069},"end":{"line":1,"column":1168}},"19":{"start":{"line":1,"column":1081},"end":{"line":1,"column":1167}},"20":{"start":{"line":1,"column":1168},"end":{"line":1,"column":1254}},"21":{"start":{"line":1,"column":1297},"end":{"line":1,"column":1460}},"22":{"start":{"line":1,"column":1359},"end":{"line":1,"column":1459}},"23":{"start":{"line":1,"column":1460},"end":{"line":1,"column":1624}},"24":{"start":{"line":1,"column":1624},"end":{"line":1,"column":1742}},"25":{"start":{"line":1,"column":1640},"end":{"line":1,"column":1742}},"26":{"start":{"line":3,"column":16},"end":{"line":22,"column":50}},"27":{"start":{"line":3,"column":39},"end":{"line":3,"column":76}},"28":{"start":{"line":4,"column":134},"end":{"line":5,"column":11}},"29":{"start":{"line":9,"column":3},"end":{"line":22,"column":10}},"30":{"start":{"line":13,"column":6},"end":{"line":13,"column":40}},"31":{"start":{"line":17,"column":6},"end":{"line":19,"column":7}},"32":{"start":{"line":18,"column":8},"end":{"line":18,"column":189}},"33":{"start":{"line":21,"column":6},"end":{"line":21,"column":33}},"34":{"start":{"line":22,"column":10},"end":{"line":22,"column":31}}},"fnMap":{"0":{"name":"(anonymous_0)","decl":{"start":{"line":1,"column":120},"end":{"line":1,"column":121}},"loc":{"start":{"line":1,"column":132},"end":{"line":1,"column":647}},"line":1},"1":{"name":"defineProperties","decl":{"start":{"line":1,"column":142},"end":{"line":1,"column":158}},"loc":{"start":{"line":1,"column":174},"end":{"line":1,"column":441}},"line":1},"2":{"name":"(anonymous_2)","decl":{"start":{"line":1,"column":448},"end":{"line":1,"column":449}},"loc":{"start":{"line":1,"column":496},"end":{"line":1,"column":645}},"line":1},"3":{"name":"_interopRequireDefault","decl":{"start":{"line":1,"column":787},"end":{"line":1,"column":809}},"loc":{"start":{"line":1,"column":815},"end":{"line":1,"column":871}},"line":1},"4":{"name":"_classCallCheck","decl":{"start":{"line":1,"column":880},"end":{"line":1,"column":895}},"loc":{"start":{"line":1,"column":919},"end":{"line":1,"column":1020}},"line":1},"5":{"name":"_possibleConstructorReturn","decl":{"start":{"line":1,"column":1029},"end":{"line":1,"column":1055}},"loc":{"start":{"line":1,"column":1068},"end":{"line":1,"column":1255}},"line":1},"6":{"name":"_inherits","decl":{"start":{"line":1,"column":1264},"end":{"line":1,"column":1273}},"loc":{"start":{"line":1,"column":1296},"end":{"line":1,"column":1743}},"line":1},"7":{"name":"(anonymous_7)","decl":{"start":{"line":3,"column":16},"end":{"line":3,"column":17}},"loc":{"start":{"line":3,"column":38},"end":{"line":22,"column":32}},"line":3},"8":{"name":"ErrorBoundary","decl":{"start":{"line":4,"column":37},"end":{"line":4,"column":50}},"loc":{"start":{"line":4,"column":58},"end":{"line":9,"column":3}},"line":4},"9":{"name":"componentDidCatch","decl":{"start":{"line":9,"column":76},"end":{"line":9,"column":93}},"loc":{"start":{"line":11,"column":4},"end":{"line":14,"column":5}},"line":11},"10":{"name":"render","decl":{"start":{"line":14,"column":42},"end":{"line":14,"column":48}},"loc":{"start":{"line":16,"column":4},"end":{"line":22,"column":5}},"line":16}},"branchMap":{"0":{"loc":{"start":{"line":1,"column":265},"end":{"line":1,"column":295}},"type":"binary-expr","locations":[{"start":{"line":1,"column":265},"end":{"line":1,"column":286}},{"start":{"line":1,"column":290},"end":{"line":1,"column":295}}],"line":1},"1":{"loc":{"start":{"line":1,"column":327},"end":{"line":1,"column":381}},"type":"if","locations":[{"start":{"line":1,"column":327},"end":{"line":1,"column":381}},{"start":{"line":1,"column":327},"end":{"line":1,"column":381}}],"line":1},"2":{"loc":{"start":{"line":1,"column":497},"end":{"line":1,"column":565}},"type":"if","locations":[{"start":{"line":1,"column":497},"end":{"line":1,"column":565}},{"start":{"line":1,"column":497},"end":{"line":1,"column":565}}],"line":1},"3":{"loc":{"start":{"line":1,"column":565},"end":{"line":1,"column":625}},"type":"if","locations":[{"start":{"line":1,"column":565},"end":{"line":1,"column":625}},{"start":{"line":1,"column":565},"end":{"line":1,"column":625}}],"line":1},"4":{"loc":{"start":{"line":1,"column":823},"end":{"line":1,"column":869}},"type":"cond-expr","locations":[{"start":{"line":1,"column":847},"end":{"line":1,"column":850}},{"start":{"line":1,"column":853},"end":{"line":1,"column":869}}],"line":1},"5":{"loc":{"start":{"line":1,"column":823},"end":{"line":1,"column":844}},"type":"binary-expr","locations":[{"start":{"line":1,"column":823},"end":{"line":1,"column":826}},{"start":{"line":1,"column":830},"end":{"line":1,"column":844}}],"line":1},"6":{"loc":{"start":{"line":1,"column":920},"end":{"line":1,"column":1019}},"type":"if","locations":[{"start":{"line":1,"column":920},"end":{"line":1,"column":1019}},{"start":{"line":1,"column":920},"end":{"line":1,"column":1019}}],"line":1},"7":{"loc":{"start":{"line":1,"column":1069},"end":{"line":1,"column":1168}},"type":"if","locations":[{"start":{"line":1,"column":1069},"end":{"line":1,"column":1168}},{"start":{"line":1,"column":1069},"end":{"line":1,"column":1168}}],"line":1},"8":{"loc":{"start":{"line":1,"column":1175},"end":{"line":1,"column":1253}},"type":"cond-expr","locations":[{"start":{"line":1,"column":1242},"end":{"line":1,"column":1246}},{"start":{"line":1,"column":1249},"end":{"line":1,"column":1253}}],"line":1},"9":{"loc":{"start":{"line":1,"column":1175},"end":{"line":1,"column":1239}},"type":"binary-expr","locations":[{"start":{"line":1,"column":1175},"end":{"line":1,"column":1179}},{"start":{"line":1,"column":1184},"end":{"line":1,"column":1208}},{"start":{"line":1,"column":1212},"end":{"line":1,"column":1238}}],"line":1},"10":{"loc":{"start":{"line":1,"column":1297},"end":{"line":1,"column":1460}},"type":"if","locations":[{"start":{"line":1,"column":1297},"end":{"line":1,"column":1460}},{"start":{"line":1,"column":1297},"end":{"line":1,"column":1460}}],"line":1},"11":{"loc":{"start":{"line":1,"column":1301},"end":{"line":1,"column":1356}},"type":"binary-expr","locations":[{"start":{"line":1,"column":1301},"end":{"line":1,"column":1333}},{"start":{"line":1,"column":1337},"end":{"line":1,"column":1356}}],"line":1},"12":{"loc":{"start":{"line":1,"column":1495},"end":{"line":1,"column":1529}},"type":"binary-expr","locations":[{"start":{"line":1,"column":1495},"end":{"line":1,"column":1505}},{"start":{"line":1,"column":1509},"end":{"line":1,"column":1529}}],"line":1},"13":{"loc":{"start":{"line":1,"column":1624},"end":{"line":1,"column":1742}},"type":"if","locations":[{"start":{"line":1,"column":1624},"end":{"line":1,"column":1742}},{"start":{"line":1,"column":1624},"end":{"line":1,"column":1742}}],"line":1},"14":{"loc":{"start":{"line":1,"column":1640},"end":{"line":1,"column":1741}},"type":"cond-expr","locations":[{"start":{"line":1,"column":1664},"end":{"line":1,"column":1707}},{"start":{"line":1,"column":1710},"end":{"line":1,"column":1741}}],"line":1},"15":{"loc":{"start":{"line":4,"column":168},"end":{"line":4,"column":231}},"type":"binary-expr","locations":[{"start":{"line":4,"column":168},"end":{"line":4,"column":191}},{"start":{"line":4,"column":195},"end":{"line":4,"column":231}}],"line":4},"16":{"loc":{"start":{"line":17,"column":6},"end":{"line":19,"column":7}},"type":"if","locations":[{"start":{"line":17,"column":6},"end":{"line":19,"column":7}},{"start":{"line":17,"column":6},"end":{"line":19,"column":7}}],"line":17}},"s":{"0":1,"1":1,"2":1,"3":2,"4":2,"5":2,"6":2,"7":2,"8":2,"9":1,"10":1,"11":1,"12":1,"13":0,"14":1,"15":1,"16":0,"17":0,"18":0,"19":0,"20":0,"21":1,"22":0,"23":1,"24":1,"25":1,"26":1,"27":1,"28":0,"29":1,"30":0,"31":0,"32":0,"33":0,"34":1},"f":{"0":1,"1":1,"2":1,"3":1,"4":0,"5":0,"6":1,"7":1,"8":0,"9":0,"10":0},"b":{"0":[2,2],"1":[2,0],"2":[1,0],"3":[0,1],"4":[0,1],"5":[1,1],"6":[0,0],"7":[0,0],"8":[0,0],"9":[0,0,0],"10":[0,1],"11":[1,0],"12":[1,1],"13":[1,0],"14":[1,0],"15":[0,0],"16":[0,0]},"_coverageSchema":"332fd63041d2c1bcb487cc26dd0d5f7d97098a6c","hash":"86f08b274f77952159f0cb7c650f94cdcab45ec0"}
}
