{"D:\\ReactJS\\Tasks\\Git\\ReactJS\\src\\app\\footer\\footer.css": {"path":"D:\\ReactJS\\Tasks\\Git\\ReactJS\\src\\app\\footer\\footer.css","statementMap":{},"fnMap":{},"branchMap":{},"s":{},"f":{},"b":{},"_coverageSchema":"332fd63041d2c1bcb487cc26dd0d5f7d97098a6c","hash":"b12fafee07650f9ec62e62e554d3a65f72a69e28"}
,"D:\\ReactJS\\Tasks\\Git\\ReactJS\\src\\app\\footer\\footer.jsx": {"path":"D:\\ReactJS\\Tasks\\Git\\ReactJS\\src\\app\\footer\\footer.jsx","statementMap":{"0":{"start":{"line":1,"column":39},"end":{"line":1,"column":101}},"1":{"start":{"line":5,"column":13},"end":{"line":17,"column":147}}},"fnMap":{"0":{"name":"Footer","decl":{"start":{"line":5,"column":22},"end":{"line":5,"column":28}},"loc":{"start":{"line":5,"column":57},"end":{"line":17,"column":147}},"line":5}},"branchMap":{},"s":{"0":1,"1":1},"f":{"0":1},"b":{},"_coverageSchema":"332fd63041d2c1bcb487cc26dd0d5f7d97098a6c","hash":"4872a0c430b2abc35c3b5fb382c3d610357132b0"}
,"D:\\ReactJS\\Tasks\\Git\\ReactJS\\src\\app\\footer\\legalFooter.jsx": {"path":"D:\\ReactJS\\Tasks\\Git\\ReactJS\\src\\app\\footer\\legalFooter.jsx","statementMap":{"0":{"start":{"line":1,"column":39},"end":{"line":1,"column":101}},"1":{"start":{"line":4,"column":18},"end":{"line":6,"column":312}}},"fnMap":{"0":{"name":"LegalFooter","decl":{"start":{"line":4,"column":27},"end":{"line":4,"column":38}},"loc":{"start":{"line":4,"column":67},"end":{"line":6,"column":312}},"line":4}},"branchMap":{},"s":{"0":1,"1":1},"f":{"0":0},"b":{},"_coverageSchema":"332fd63041d2c1bcb487cc26dd0d5f7d97098a6c","hash":"79c7ef996f0c3ae9a72b985c321a531b0a83d6ad"}
,"D:\\ReactJS\\Tasks\\Git\\ReactJS\\src\\app\\header\\header.jsx": {"path":"D:\\ReactJS\\Tasks\\Git\\ReactJS\\src\\app\\header\\header.jsx","statementMap":{"0":{"start":{"line":1,"column":39},"end":{"line":1,"column":101}},"1":{"start":{"line":3,"column":184},"end":{"line":3,"column":238}},"2":{"start":{"line":5,"column":13},"end":{"line":8,"column":142}}},"fnMap":{"0":{"name":"_interopRequireDefault","decl":{"start":{"line":3,"column":155},"end":{"line":3,"column":177}},"loc":{"start":{"line":3,"column":183},"end":{"line":3,"column":239}},"line":3},"1":{"name":"Header","decl":{"start":{"line":5,"column":22},"end":{"line":5,"column":28}},"loc":{"start":{"line":5,"column":57},"end":{"line":8,"column":142}},"line":5}},"branchMap":{"0":{"loc":{"start":{"line":3,"column":191},"end":{"line":3,"column":237}},"type":"cond-expr","locations":[{"start":{"line":3,"column":215},"end":{"line":3,"column":218}},{"start":{"line":3,"column":221},"end":{"line":3,"column":237}}],"line":3},"1":{"loc":{"start":{"line":3,"column":191},"end":{"line":3,"column":212}},"type":"binary-expr","locations":[{"start":{"line":3,"column":191},"end":{"line":3,"column":194}},{"start":{"line":3,"column":198},"end":{"line":3,"column":212}}],"line":3}},"s":{"0":1,"1":3,"2":1},"f":{"0":3,"1":2},"b":{"0":[2,1],"1":[3,3]},"_coverageSchema":"332fd63041d2c1bcb487cc26dd0d5f7d97098a6c","hash":"9484b16db58ed3cfc90877ba5425e29ce71ed455"}
,"D:\\ReactJS\\Tasks\\Git\\ReactJS\\src\\app\\header\\logo\\logo.css": {"path":"D:\\ReactJS\\Tasks\\Git\\ReactJS\\src\\app\\header\\logo\\logo.css","statementMap":{},"fnMap":{},"branchMap":{},"s":{},"f":{},"b":{},"_coverageSchema":"332fd63041d2c1bcb487cc26dd0d5f7d97098a6c","hash":"782fb03640bfc71ceb72b59e1ad59871420697f0"}
,"D:\\ReactJS\\Tasks\\Git\\ReactJS\\src\\app\\header\\logo\\logo.jsx": {"path":"D:\\ReactJS\\Tasks\\Git\\ReactJS\\src\\app\\header\\logo\\logo.jsx","statementMap":{"0":{"start":{"line":1,"column":39},"end":{"line":1,"column":101}},"1":{"start":{"line":5,"column":11},"end":{"line":6,"column":128}}},"fnMap":{"0":{"name":"Logo","decl":{"start":{"line":5,"column":20},"end":{"line":5,"column":24}},"loc":{"start":{"line":5,"column":53},"end":{"line":6,"column":128}},"line":5}},"branchMap":{},"s":{"0":2,"1":2},"f":{"0":2},"b":{},"_coverageSchema":"332fd63041d2c1bcb487cc26dd0d5f7d97098a6c","hash":"fcb61f3e298ddcf4245eee97138055b51dd4fbe2"}
,"D:\\ReactJS\\Tasks\\Git\\ReactJS\\src\\app\\header\\searchField\\search.css": {"path":"D:\\ReactJS\\Tasks\\Git\\ReactJS\\src\\app\\header\\searchField\\search.css","statementMap":{},"fnMap":{},"branchMap":{},"s":{},"f":{},"b":{},"_coverageSchema":"332fd63041d2c1bcb487cc26dd0d5f7d97098a6c","hash":"981c70b71aebbf19c4fe6eb204d18377bb5ade00"}
,"D:\\ReactJS\\Tasks\\Git\\ReactJS\\src\\app\\header\\searchField\\search.jsx": {"path":"D:\\ReactJS\\Tasks\\Git\\ReactJS\\src\\app\\header\\searchField\\search.jsx","statementMap":{"0":{"start":{"line":1,"column":39},"end":{"line":1,"column":101}},"1":{"start":{"line":5,"column":13},"end":{"line":19,"column":214}}},"fnMap":{"0":{"name":"Search","decl":{"start":{"line":5,"column":22},"end":{"line":5,"column":28}},"loc":{"start":{"line":5,"column":57},"end":{"line":19,"column":214}},"line":5}},"branchMap":{},"s":{"0":1,"1":1},"f":{"0":1},"b":{},"_coverageSchema":"332fd63041d2c1bcb487cc26dd0d5f7d97098a6c","hash":"37fd2f1073b68cd976d88495cc3976bc9bb0834c"}
,"D:\\ReactJS\\Tasks\\Git\\ReactJS\\src\\test\\setupTests.js": {"path":"D:\\ReactJS\\Tasks\\Git\\ReactJS\\src\\test\\setupTests.js","statementMap":{"0":{"start":{"line":2,"column":223},"end":{"line":2,"column":277}}},"fnMap":{"0":{"name":"_interopRequireDefault","decl":{"start":{"line":2,"column":194},"end":{"line":2,"column":216}},"loc":{"start":{"line":2,"column":222},"end":{"line":2,"column":278}},"line":2}},"branchMap":{"0":{"loc":{"start":{"line":2,"column":230},"end":{"line":2,"column":276}},"type":"cond-expr","locations":[{"start":{"line":2,"column":254},"end":{"line":2,"column":257}},{"start":{"line":2,"column":260},"end":{"line":2,"column":276}}],"line":2},"1":{"loc":{"start":{"line":2,"column":230},"end":{"line":2,"column":251}},"type":"binary-expr","locations":[{"start":{"line":2,"column":230},"end":{"line":2,"column":233}},{"start":{"line":2,"column":237},"end":{"line":2,"column":251}}],"line":2}},"s":{"0":3},"f":{"0":3},"b":{"0":[0,3],"1":[3,3]},"_coverageSchema":"332fd63041d2c1bcb487cc26dd0d5f7d97098a6c","hash":"8b7b20232e003e2f8d6f9e56759b74131e168d5e"}
}
