TN:
SF:D:\ReactJS\Tasks\Git\ReactJS\src\app\App.css
FNF:0
FNH:0
LF:0
LH:0
BRF:0
BRH:0
end_of_record
TN:
SF:D:\ReactJS\Tasks\Git\ReactJS\src\app\App.jsx
FN:8,App
FNF:1
FNH:1
FNDA:1,App
DA:1,1
DA:8,1
LF:2
LH:2
BRF:0
BRH:0
end_of_record
TN:
SF:D:\ReactJS\Tasks\Git\ReactJS\src\app\body\body.css
FNF:0
FNH:0
LF:0
LH:0
BRF:0
BRH:0
end_of_record
TN:
SF:D:\ReactJS\Tasks\Git\ReactJS\src\app\body\body.jsx
FN:9,Body
FNF:1
FNH:1
FNDA:2,Body
DA:1,2
DA:9,2
LF:2
LH:2
BRF:0
BRH:0
end_of_record
TN:
SF:D:\ReactJS\Tasks\Git\ReactJS\src\app\footer\footer.css
FNF:0
FNH:0
LF:0
LH:0
BRF:0
BRH:0
end_of_record
TN:
SF:D:\ReactJS\Tasks\Git\ReactJS\src\app\footer\footer.jsx
FN:5,Footer
FNF:1
FNH:1
FNDA:2,Footer
DA:1,2
DA:5,2
LF:2
LH:2
BRF:0
BRH:0
end_of_record
TN:
SF:D:\ReactJS\Tasks\Git\ReactJS\src\app\footer\legalFooter.jsx
FN:4,LegalFooter
FNF:1
FNH:0
FNDA:0,LegalFooter
DA:1,2
DA:4,2
LF:2
LH:2
BRF:0
BRH:0
end_of_record
TN:
SF:D:\ReactJS\Tasks\Git\ReactJS\src\app\header\header.jsx
FN:3,_interopRequireDefault
FN:5,Header
FNF:2
FNH:2
FNDA:6,_interopRequireDefault
FNDA:2,Header
DA:1,2
DA:3,6
DA:5,2
LF:3
LH:3
BRDA:3,0,0,4
BRDA:3,0,1,2
BRDA:3,1,0,6
BRDA:3,1,1,6
BRF:4
BRH:4
end_of_record
TN:
SF:D:\ReactJS\Tasks\Git\ReactJS\src\app\header\logo\logo.css
FNF:0
FNH:0
LF:0
LH:0
BRF:0
BRH:0
end_of_record
TN:
SF:D:\ReactJS\Tasks\Git\ReactJS\src\app\header\logo\logo.jsx
FN:5,Logo
FNF:1
FNH:1
FNDA:2,Logo
DA:1,3
DA:5,3
LF:2
LH:2
BRF:0
BRH:0
end_of_record
TN:
SF:D:\ReactJS\Tasks\Git\ReactJS\src\app\header\searchField\search.css
FNF:0
FNH:0
LF:0
LH:0
BRF:0
BRH:0
end_of_record
TN:
SF:D:\ReactJS\Tasks\Git\ReactJS\src\app\header\searchField\search.jsx
FN:5,Search
FNF:1
FNH:1
FNDA:3,Search
DA:1,3
DA:5,3
LF:2
LH:2
BRF:0
BRH:0
end_of_record
TN:
SF:D:\ReactJS\Tasks\Git\ReactJS\src\enzyme\setupTests.js
FN:2,_interopRequireDefault
FNF:1
FNH:1
FNDA:6,_interopRequireDefault
DA:2,6
LF:1
LH:1
BRDA:2,0,0,0
BRDA:2,0,1,6
BRDA:2,1,0,6
BRDA:2,1,1,6
BRF:4
BRH:3
end_of_record
TN:
SF:D:\ReactJS\Tasks\Git\ReactJS\src\errorBoundary\errorBoundary.jsx
FN:1,(anonymous_0)
FN:1,defineProperties
FN:1,(anonymous_2)
FN:1,_interopRequireDefault
FN:1,_classCallCheck
FN:1,_possibleConstructorReturn
FN:1,_inherits
FN:3,(anonymous_7)
FN:4,ErrorBoundary
FN:9,componentDidCatch
FN:14,render
FNF:11
FNH:6
FNDA:1,(anonymous_0)
FNDA:1,defineProperties
FNDA:1,(anonymous_2)
FNDA:1,_interopRequireDefault
FNDA:0,_classCallCheck
FNDA:0,_possibleConstructorReturn
FNDA:1,_inherits
FNDA:1,(anonymous_7)
FNDA:0,ErrorBoundary
FNDA:0,componentDidCatch
FNDA:0,render
DA:1,2
DA:3,1
DA:4,0
DA:9,1
DA:13,0
DA:17,0
DA:18,0
DA:21,0
DA:22,1
LF:9
LH:4
BRDA:1,0,0,2
BRDA:1,0,1,2
BRDA:1,1,0,2
BRDA:1,1,1,0
BRDA:1,2,0,1
BRDA:1,2,1,0
BRDA:1,3,0,0
BRDA:1,3,1,1
BRDA:1,4,0,0
BRDA:1,4,1,1
BRDA:1,5,0,1
BRDA:1,5,1,1
BRDA:1,6,0,0
BRDA:1,6,1,0
BRDA:1,7,0,0
BRDA:1,7,1,0
BRDA:1,8,0,0
BRDA:1,8,1,0
BRDA:1,9,0,0
BRDA:1,9,1,0
BRDA:1,9,2,0
BRDA:1,10,0,0
BRDA:1,10,1,1
BRDA:1,11,0,1
BRDA:1,11,1,0
BRDA:1,12,0,1
BRDA:1,12,1,1
BRDA:1,13,0,1
BRDA:1,13,1,0
BRDA:1,14,0,1
BRDA:1,14,1,0
BRDA:4,15,0,0
BRDA:4,15,1,0
BRDA:17,16,0,0
BRDA:17,16,1,0
BRF:35
BRH:14
end_of_record
