TN:
SF:D:\ReactJS\Tasks\Git\ReactJS\src\app\footer\footer.css
FNF:0
FNH:0
LF:0
LH:0
BRF:0
BRH:0
end_of_record
TN:
SF:D:\ReactJS\Tasks\Git\ReactJS\src\app\footer\footer.jsx
FN:5,Footer
FNF:1
FNH:1
FNDA:1,Footer
DA:1,1
DA:5,1
LF:2
LH:2
BRF:0
BRH:0
end_of_record
TN:
SF:D:\ReactJS\Tasks\Git\ReactJS\src\app\footer\legalFooter.jsx
FN:4,LegalFooter
FNF:1
FNH:0
FNDA:0,LegalFooter
DA:1,1
DA:4,1
LF:2
LH:2
BRF:0
BRH:0
end_of_record
TN:
SF:D:\ReactJS\Tasks\Git\ReactJS\src\app\header\header.jsx
FN:3,_interopRequireDefault
FN:5,Header
FNF:2
FNH:2
FNDA:3,_interopRequireDefault
FNDA:2,Header
DA:1,1
DA:3,3
DA:5,1
LF:3
LH:3
BRDA:3,0,0,2
BRDA:3,0,1,1
BRDA:3,1,0,3
BRDA:3,1,1,3
BRF:4
BRH:4
end_of_record
TN:
SF:D:\ReactJS\Tasks\Git\ReactJS\src\app\header\logo\logo.css
FNF:0
FNH:0
LF:0
LH:0
BRF:0
BRH:0
end_of_record
TN:
SF:D:\ReactJS\Tasks\Git\ReactJS\src\app\header\logo\logo.jsx
FN:5,Logo
FNF:1
FNH:1
FNDA:2,Logo
DA:1,2
DA:5,2
LF:2
LH:2
BRF:0
BRH:0
end_of_record
TN:
SF:D:\ReactJS\Tasks\Git\ReactJS\src\app\header\searchField\search.css
FNF:0
FNH:0
LF:0
LH:0
BRF:0
BRH:0
end_of_record
TN:
SF:D:\ReactJS\Tasks\Git\ReactJS\src\app\header\searchField\search.jsx
FN:5,Search
FNF:1
FNH:1
FNDA:1,Search
DA:1,1
DA:5,1
LF:2
LH:2
BRF:0
BRH:0
end_of_record
TN:
SF:D:\ReactJS\Tasks\Git\ReactJS\src\test\setupTests.js
FN:2,_interopRequireDefault
FNF:1
FNH:1
FNDA:3,_interopRequireDefault
DA:2,3
LF:1
LH:1
BRDA:2,0,0,0
BRDA:2,0,1,3
BRDA:2,1,0,3
BRDA:2,1,1,3
BRF:4
BRH:3
end_of_record
